{"/mnt/c/Users/haouc/Documents/Etna/rtp_tdd/group-1047447/project_libre/server/src/server.ts": {"path":"/mnt/c/Users/haouc/Documents/Etna/rtp_tdd/group-1047447/project_libre/server/src/server.ts","statementMap":{"0":{"start":{"line":1,"column":0},"end":{"line":1,"column":47}},"1":{"start":{"line":2,"column":0},"end":{"line":2,"column":24}},"2":{"start":{"line":3,"column":0},"end":{"line":3,"column":41}},"3":{"start":{"line":4,"column":0},"end":{"line":4,"column":46}},"4":{"start":{"line":5,"column":0},"end":{"line":5,"column":52}},"5":{"start":{"line":6,"column":0},"end":{"line":6,"column":53}},"6":{"start":{"line":7,"column":0},"end":{"line":7,"column":46}},"7":{"start":{"line":9,"column":0},"end":{"line":9,"column":27}},"8":{"start":{"line":11,"column":13},"end":{"line":11,"column":36}},"9":{"start":{"line":12,"column":25},"end":{"line":12,"column":34}},"10":{"start":{"line":14,"column":0},"end":{"line":14,"column":24}},"11":{"start":{"line":15,"column":0},"end":{"line":18,"column":null}},"12":{"start":{"line":19,"column":0},"end":{"line":19,"column":24}},"13":{"start":{"line":21,"column":0},"end":{"line":21,"column":37}},"14":{"start":{"line":22,"column":0},"end":{"line":22,"column":29}},"15":{"start":{"line":23,"column":0},"end":{"line":23,"column":29}},"16":{"start":{"line":24,"column":0},"end":{"line":24,"column":35}},"17":{"start":{"line":33,"column":9},"end":{"line":33,"column":15}},"18":{"start":{"line":27,"column":0},"end":{"line":31,"column":null}},"19":{"start":{"line":28,"column":2},"end":{"line":30,"column":5}},"20":{"start":{"line":29,"column":4},"end":{"line":29,"column":61}}},"fnMap":{"0":{"name":"(anonymous_1)","decl":{"start":{"line":28,"column":28},"end":{"line":28,"column":31}},"loc":{"start":{"line":28,"column":33},"end":{"line":30,"column":3}}}},"branchMap":{"0":{"loc":{"start":{"line":27,"column":0},"end":{"line":31,"column":null}},"type":"if","locations":[{"start":{"line":27,"column":0},"end":{"line":31,"column":null}}]}},"s":{"0":1,"1":1,"2":1,"3":1,"4":1,"5":1,"6":1,"7":1,"8":1,"9":1,"10":1,"11":1,"12":1,"13":1,"14":1,"15":1,"16":1,"17":1,"18":1,"19":0,"20":0},"f":{"0":0},"b":{"0":[0]}}
,"/mnt/c/Users/haouc/Documents/Etna/rtp_tdd/group-1047447/project_libre/server/src/controllers/channels.controller.ts": {"path":"/mnt/c/Users/haouc/Documents/Etna/rtp_tdd/group-1047447/project_libre/server/src/controllers/channels.controller.ts","statementMap":{"0":{"start":{"line":2,"column":0},"end":{"line":2,"column":51}},"1":{"start":{"line":3,"column":0},"end":{"line":3,"column":134}},"2":{"start":{"line":6,"column":19},"end":{"line":6,"column":41}},"3":{"start":{"line":7,"column":2},"end":{"line":7,"column":33}},"4":{"start":{"line":59,"column":2},"end":{"line":59,"column":8}},"5":{"start":{"line":11,"column":18},"end":{"line":11,"column":54}},"6":{"start":{"line":13,"column":2},"end":{"line":17,"column":null}},"7":{"start":{"line":14,"column":4},"end":{"line":14,"column":34}},"8":{"start":{"line":16,"column":4},"end":{"line":16,"column":27}},"9":{"start":{"line":59,"column":10},"end":{"line":59,"column":17}},"10":{"start":{"line":22,"column":26},"end":{"line":22,"column":48}},"11":{"start":{"line":23,"column":2},"end":{"line":30,"column":null}},"12":{"start":{"line":24,"column":4},"end":{"line":29,"column":null}},"13":{"start":{"line":25,"column":6},"end":{"line":28,"column":null}},"14":{"start":{"line":26,"column":8},"end":{"line":26,"column":31}},"15":{"start":{"line":27,"column":8},"end":{"line":27,"column":15}},"16":{"start":{"line":32,"column":18},"end":{"line":32,"column":48}},"17":{"start":{"line":33,"column":2},"end":{"line":33,"column":32}},"18":{"start":{"line":59,"column":19},"end":{"line":59,"column":25}},"19":{"start":{"line":37,"column":2},"end":{"line":42,"column":null}},"20":{"start":{"line":38,"column":21},"end":{"line":38,"column":70}},"21":{"start":{"line":39,"column":4},"end":{"line":39,"column":51}},"22":{"start":{"line":41,"column":4},"end":{"line":41,"column":58}},"23":{"start":{"line":60,"column":2},"end":{"line":60,"column":13}},"24":{"start":{"line":46,"column":2},"end":{"line":54,"column":null}},"25":{"start":{"line":48,"column":6},"end":{"line":50,"column":null}},"26":{"start":{"line":49,"column":8},"end":{"line":49,"column":51}},"27":{"start":{"line":53,"column":6},"end":{"line":53,"column":55}},"28":{"start":{"line":60,"column":15},"end":{"line":60,"column":28}}},"fnMap":{"0":{"name":"getAll","decl":{"start":{"line":5,"column":15},"end":{"line":5,"column":21}},"loc":{"start":{"line":5,"column":49},"end":{"line":8,"column":null}}},"1":{"name":"getById","decl":{"start":{"line":10,"column":15},"end":{"line":10,"column":22}},"loc":{"start":{"line":10,"column":50},"end":{"line":18,"column":null}}},"2":{"name":"create","decl":{"start":{"line":20,"column":15},"end":{"line":20,"column":21}},"loc":{"start":{"line":20,"column":49},"end":{"line":34,"column":null}}},"3":{"name":"sendMessage","decl":{"start":{"line":36,"column":15},"end":{"line":36,"column":26}},"loc":{"start":{"line":36,"column":54},"end":{"line":43,"column":null}}},"4":{"name":"deleteChannel","decl":{"start":{"line":45,"column":9},"end":{"line":45,"column":22}},"loc":{"start":{"line":45,"column":50},"end":{"line":55,"column":1}}},"5":{"name":"(anonymous_17)","decl":{"start":{"line":47,"column":10},"end":{"line":47,"column":11}},"loc":{"start":{"line":47,"column":19},"end":{"line":51,"column":5}}},"6":{"name":"(anonymous_18)","decl":{"start":{"line":52,"column":11},"end":{"line":52,"column":12}},"loc":{"start":{"line":52,"column":21},"end":{"line":54,"column":5}}}},"branchMap":{"0":{"loc":{"start":{"line":13,"column":2},"end":{"line":17,"column":null}},"type":"if","locations":[{"start":{"line":13,"column":2},"end":{"line":17,"column":null}},{"start":{"line":15,"column":9},"end":{"line":17,"column":null}}]},"1":{"loc":{"start":{"line":24,"column":4},"end":{"line":29,"column":null}},"type":"if","locations":[{"start":{"line":24,"column":4},"end":{"line":29,"column":null}}]},"2":{"loc":{"start":{"line":25,"column":6},"end":{"line":28,"column":null}},"type":"if","locations":[{"start":{"line":25,"column":6},"end":{"line":28,"column":null}}]},"3":{"loc":{"start":{"line":25,"column":10},"end":{"line":25,"column":50}},"type":"binary-expr","locations":[{"start":{"line":25,"column":10},"end":{"line":25,"column":35}},{"start":{"line":25,"column":39},"end":{"line":25,"column":50}}]},"4":{"loc":{"start":{"line":37,"column":2},"end":{"line":42,"column":null}},"type":"if","locations":[{"start":{"line":37,"column":2},"end":{"line":42,"column":null}},{"start":{"line":40,"column":9},"end":{"line":42,"column":null}}]},"5":{"loc":{"start":{"line":37,"column":6},"end":{"line":37,"column":47}},"type":"binary-expr","locations":[{"start":{"line":37,"column":6},"end":{"line":37,"column":24}},{"start":{"line":37,"column":28},"end":{"line":37,"column":47}}]},"6":{"loc":{"start":{"line":48,"column":6},"end":{"line":50,"column":null}},"type":"if","locations":[{"start":{"line":48,"column":6},"end":{"line":50,"column":null}}]}},"s":{"0":2,"1":2,"2":1,"3":1,"4":2,"5":2,"6":2,"7":1,"8":1,"9":2,"10":2,"11":2,"12":5,"13":5,"14":2,"15":2,"16":0,"17":0,"18":2,"19":2,"20":1,"21":1,"22":1,"23":2,"24":2,"25":1,"26":1,"27":1,"28":2},"f":{"0":1,"1":2,"2":2,"3":2,"4":2,"5":1,"6":1},"b":{"0":[1,1],"1":[5],"2":[2],"3":[5,4],"4":[1,1],"5":[2,1],"6":[1]}}
,"/mnt/c/Users/haouc/Documents/Etna/rtp_tdd/group-1047447/project_libre/server/src/controllers/seminaries.controller.ts": {"path":"/mnt/c/Users/haouc/Documents/Etna/rtp_tdd/group-1047447/project_libre/server/src/controllers/seminaries.controller.ts","statementMap":{"0":{"start":{"line":2,"column":0},"end":{"line":2,"column":134}},"1":{"start":{"line":5,"column":4},"end":{"line":11,"column":null}},"2":{"start":{"line":6,"column":18},"end":{"line":6,"column":43}},"3":{"start":{"line":7,"column":8},"end":{"line":7,"column":null}},"4":{"start":{"line":9,"column":8},"end":{"line":9,"column":null}},"5":{"start":{"line":4,"column":0},"end":{"line":4,"column":22}},"6":{"start":{"line":16,"column":4},"end":{"line":21,"column":null}},"7":{"start":{"line":17,"column":25},"end":{"line":17,"column":51}},"8":{"start":{"line":18,"column":8},"end":{"line":18,"column":39}},"9":{"start":{"line":20,"column":8},"end":{"line":20,"column":null}},"10":{"start":{"line":15,"column":0},"end":{"line":15,"column":22}},"11":{"start":{"line":27,"column":4},"end":{"line":32,"column":null}},"12":{"start":{"line":28,"column":24},"end":{"line":28,"column":51}},"13":{"start":{"line":29,"column":8},"end":{"line":29,"column":43}},"14":{"start":{"line":31,"column":8},"end":{"line":31,"column":null}},"15":{"start":{"line":26,"column":0},"end":{"line":26,"column":22}},"16":{"start":{"line":36,"column":4},"end":{"line":42,"column":null}},"17":{"start":{"line":37,"column":24},"end":{"line":37,"column":49}},"18":{"start":{"line":38,"column":8},"end":{"line":38,"column":38}},"19":{"start":{"line":41,"column":8},"end":{"line":41,"column":null}},"20":{"start":{"line":35,"column":0},"end":{"line":35,"column":22}},"21":{"start":{"line":46,"column":4},"end":{"line":51,"column":null}},"22":{"start":{"line":47,"column":29},"end":{"line":47,"column":52}},"23":{"start":{"line":48,"column":8},"end":{"line":48,"column":null}},"24":{"start":{"line":50,"column":8},"end":{"line":50,"column":null}},"25":{"start":{"line":45,"column":0},"end":{"line":45,"column":22}}},"fnMap":{"0":{"name":"newSeminary","decl":{"start":{"line":4,"column":22},"end":{"line":4,"column":33}},"loc":{"start":{"line":4,"column":61},"end":{"line":12,"column":null}}},"1":{"name":"getSeminaryId","decl":{"start":{"line":15,"column":22},"end":{"line":15,"column":35}},"loc":{"start":{"line":15,"column":63},"end":{"line":23,"column":null}}},"2":{"name":"Allget","decl":{"start":{"line":26,"column":22},"end":{"line":26,"column":28}},"loc":{"start":{"line":26,"column":56},"end":{"line":33,"column":null}}},"3":{"name":"deleteSeminaries","decl":{"start":{"line":35,"column":22},"end":{"line":35,"column":38}},"loc":{"start":{"line":35,"column":66},"end":{"line":43,"column":null}}},"4":{"name":"patchSeminary","decl":{"start":{"line":45,"column":22},"end":{"line":45,"column":35}},"loc":{"start":{"line":45,"column":63},"end":{"line":52,"column":null}}}},"branchMap":{},"s":{"0":1,"1":0,"2":0,"3":0,"4":0,"5":1,"6":0,"7":0,"8":0,"9":0,"10":1,"11":1,"12":1,"13":1,"14":0,"15":1,"16":0,"17":0,"18":0,"19":0,"20":1,"21":0,"22":0,"23":0,"24":0,"25":1},"f":{"0":0,"1":0,"2":1,"3":0,"4":0},"b":{}}
,"/mnt/c/Users/haouc/Documents/Etna/rtp_tdd/group-1047447/project_libre/server/src/controllers/task.controller.ts": {"path":"/mnt/c/Users/haouc/Documents/Etna/rtp_tdd/group-1047447/project_libre/server/src/controllers/task.controller.ts","statementMap":{"0":{"start":{"line":2,"column":0},"end":{"line":2,"column":106}},"1":{"start":{"line":5,"column":4},"end":{"line":10,"column":null}},"2":{"start":{"line":6,"column":24},"end":{"line":6,"column":45}},"3":{"start":{"line":7,"column":8},"end":{"line":7,"column":null}},"4":{"start":{"line":9,"column":8},"end":{"line":9,"column":null}},"5":{"start":{"line":4,"column":0},"end":{"line":4,"column":22}},"6":{"start":{"line":14,"column":4},"end":{"line":19,"column":null}},"7":{"start":{"line":15,"column":18},"end":{"line":15,"column":40}},"8":{"start":{"line":16,"column":8},"end":{"line":16,"column":null}},"9":{"start":{"line":18,"column":8},"end":{"line":18,"column":null}},"10":{"start":{"line":13,"column":0},"end":{"line":13,"column":22}},"11":{"start":{"line":23,"column":4},"end":{"line":28,"column":null}},"12":{"start":{"line":24,"column":18},"end":{"line":24,"column":39}},"13":{"start":{"line":25,"column":8},"end":{"line":25,"column":32}},"14":{"start":{"line":27,"column":8},"end":{"line":27,"column":null}},"15":{"start":{"line":22,"column":0},"end":{"line":22,"column":22}},"16":{"start":{"line":32,"column":4},"end":{"line":38,"column":null}},"17":{"start":{"line":33,"column":18},"end":{"line":33,"column":39}},"18":{"start":{"line":34,"column":8},"end":{"line":34,"column":32}},"19":{"start":{"line":37,"column":8},"end":{"line":37,"column":null}},"20":{"start":{"line":31,"column":0},"end":{"line":31,"column":22}},"21":{"start":{"line":42,"column":4},"end":{"line":47,"column":null}},"22":{"start":{"line":43,"column":18},"end":{"line":43,"column":43}},"23":{"start":{"line":44,"column":8},"end":{"line":44,"column":32}},"24":{"start":{"line":46,"column":8},"end":{"line":46,"column":null}},"25":{"start":{"line":41,"column":0},"end":{"line":41,"column":22}}},"fnMap":{"0":{"name":"newTask","decl":{"start":{"line":4,"column":22},"end":{"line":4,"column":29}},"loc":{"start":{"line":4,"column":57},"end":{"line":11,"column":null}}},"1":{"name":"getTaskById","decl":{"start":{"line":13,"column":22},"end":{"line":13,"column":33}},"loc":{"start":{"line":13,"column":61},"end":{"line":20,"column":null}}},"2":{"name":"getTask","decl":{"start":{"line":22,"column":22},"end":{"line":22,"column":29}},"loc":{"start":{"line":22,"column":57},"end":{"line":29,"column":null}}},"3":{"name":"deletedTask","decl":{"start":{"line":31,"column":22},"end":{"line":31,"column":33}},"loc":{"start":{"line":31,"column":61},"end":{"line":39,"column":null}}},"4":{"name":"updateTask","decl":{"start":{"line":41,"column":22},"end":{"line":41,"column":32}},"loc":{"start":{"line":41,"column":60},"end":{"line":48,"column":null}}}},"branchMap":{},"s":{"0":2,"1":2,"2":2,"3":1,"4":1,"5":2,"6":2,"7":2,"8":1,"9":1,"10":2,"11":3,"12":3,"13":2,"14":1,"15":2,"16":2,"17":2,"18":1,"19":1,"20":2,"21":2,"22":2,"23":1,"24":1,"25":2},"f":{"0":2,"1":2,"2":3,"3":2,"4":2},"b":{}}
,"/mnt/c/Users/haouc/Documents/Etna/rtp_tdd/group-1047447/project_libre/server/src/controllers/users.controller.ts": {"path":"/mnt/c/Users/haouc/Documents/Etna/rtp_tdd/group-1047447/project_libre/server/src/controllers/users.controller.ts","statementMap":{"0":{"start":{"line":2,"column":0},"end":{"line":2,"column":null}},"1":{"start":{"line":9,"column":12},"end":{"line":9,"column":35}},"2":{"start":{"line":12,"column":2},"end":{"line":18,"column":7}},"3":{"start":{"line":14,"column":6},"end":{"line":14,"column":38}},"4":{"start":{"line":17,"column":6},"end":{"line":17,"column":34}},"5":{"start":{"line":150,"column":2},"end":{"line":150,"column":9}},"6":{"start":{"line":22,"column":2},"end":{"line":28,"column":7}},"7":{"start":{"line":24,"column":6},"end":{"line":24,"column":38}},"8":{"start":{"line":27,"column":6},"end":{"line":27,"column":34}},"9":{"start":{"line":150,"column":11},"end":{"line":150,"column":17}},"10":{"start":{"line":32,"column":2},"end":{"line":42,"column":null}},"11":{"start":{"line":34,"column":6},"end":{"line":38,"column":null}},"12":{"start":{"line":35,"column":8},"end":{"line":35,"column":51}},"13":{"start":{"line":37,"column":8},"end":{"line":37,"column":51}},"14":{"start":{"line":41,"column":6},"end":{"line":41,"column":62}},"15":{"start":{"line":152,"column":2},"end":{"line":152,"column":12}},"16":{"start":{"line":46,"column":2},"end":{"line":52,"column":7}},"17":{"start":{"line":48,"column":6},"end":{"line":48,"column":49}},"18":{"start":{"line":51,"column":6},"end":{"line":51,"column":62}},"19":{"start":{"line":151,"column":12},"end":{"line":151,"column":22}},"20":{"start":{"line":58,"column":2},"end":{"line":68,"column":null}},"21":{"start":{"line":60,"column":6},"end":{"line":64,"column":null}},"22":{"start":{"line":61,"column":8},"end":{"line":61,"column":51}},"23":{"start":{"line":63,"column":8},"end":{"line":63,"column":51}},"24":{"start":{"line":67,"column":6},"end":{"line":67,"column":34}},"25":{"start":{"line":151,"column":2},"end":{"line":151,"column":10}},"26":{"start":{"line":72,"column":2},"end":{"line":90,"column":null}},"27":{"start":{"line":74,"column":6},"end":{"line":86,"column":null}},"28":{"start":{"line":75,"column":8},"end":{"line":83,"column":13}},"29":{"start":{"line":85,"column":8},"end":{"line":85,"column":null}},"30":{"start":{"line":89,"column":6},"end":{"line":89,"column":55}},"31":{"start":{"line":152,"column":14},"end":{"line":152,"column":19}},"32":{"start":{"line":94,"column":2},"end":{"line":96,"column":null}},"33":{"start":{"line":153,"column":2},"end":{"line":153,"column":8}},"34":{"start":{"line":100,"column":2},"end":{"line":114,"column":7}},"35":{"start":{"line":102,"column":6},"end":{"line":110,"column":null}},"36":{"start":{"line":103,"column":8},"end":{"line":105,"column":11}},"37":{"start":{"line":107,"column":8},"end":{"line":109,"column":11}},"38":{"start":{"line":113,"column":6},"end":{"line":113,"column":34}},"39":{"start":{"line":153,"column":10},"end":{"line":153,"column":19}},"40":{"start":{"line":118,"column":16},"end":{"line":118,"column":40}},"41":{"start":{"line":119,"column":23},"end":{"line":119,"column":40}},"42":{"start":{"line":120,"column":2},"end":{"line":122,"column":5}},"43":{"start":{"line":154,"column":2},"end":{"line":154,"column":9}},"44":{"start":{"line":126,"column":15},"end":{"line":126,"column":74}},"45":{"start":{"line":128,"column":2},"end":{"line":132,"column":null}},"46":{"start":{"line":129,"column":4},"end":{"line":129,"column":47}},"47":{"start":{"line":131,"column":4},"end":{"line":131,"column":31}},"48":{"start":{"line":154,"column":11},"end":{"line":154,"column":23}},"49":{"start":{"line":136,"column":2},"end":{"line":146,"column":null}},"50":{"start":{"line":138,"column":6},"end":{"line":142,"column":null}},"51":{"start":{"line":139,"column":8},"end":{"line":139,"column":51}},"52":{"start":{"line":141,"column":8},"end":{"line":141,"column":51}},"53":{"start":{"line":145,"column":6},"end":{"line":145,"column":null}},"54":{"start":{"line":154,"column":25},"end":{"line":154,"column":42}}},"fnMap":{"0":{"name":"getById","decl":{"start":{"line":11,"column":15},"end":{"line":11,"column":22}},"loc":{"start":{"line":11,"column":50},"end":{"line":19,"column":null}}},"1":{"name":"(anonymous_9)","decl":{"start":{"line":13,"column":10},"end":{"line":13,"column":11}},"loc":{"start":{"line":13,"column":19},"end":{"line":15,"column":5}}},"2":{"name":"(anonymous_10)","decl":{"start":{"line":16,"column":11},"end":{"line":16,"column":12}},"loc":{"start":{"line":16,"column":21},"end":{"line":18,"column":5}}},"3":{"name":"getAll","decl":{"start":{"line":21,"column":15},"end":{"line":21,"column":21}},"loc":{"start":{"line":21,"column":49},"end":{"line":29,"column":null}}},"4":{"name":"(anonymous_13)","decl":{"start":{"line":23,"column":10},"end":{"line":23,"column":11}},"loc":{"start":{"line":23,"column":19},"end":{"line":25,"column":5}}},"5":{"name":"(anonymous_14)","decl":{"start":{"line":26,"column":11},"end":{"line":26,"column":12}},"loc":{"start":{"line":26,"column":21},"end":{"line":28,"column":5}}},"6":{"name":"updateById","decl":{"start":{"line":31,"column":15},"end":{"line":31,"column":25}},"loc":{"start":{"line":31,"column":53},"end":{"line":43,"column":null}}},"7":{"name":"(anonymous_17)","decl":{"start":{"line":33,"column":10},"end":{"line":33,"column":11}},"loc":{"start":{"line":33,"column":19},"end":{"line":39,"column":5}}},"8":{"name":"(anonymous_18)","decl":{"start":{"line":40,"column":11},"end":{"line":40,"column":14}},"loc":{"start":{"line":40,"column":16},"end":{"line":42,"column":5}}},"9":{"name":"deleteById","decl":{"start":{"line":45,"column":15},"end":{"line":45,"column":25}},"loc":{"start":{"line":45,"column":53},"end":{"line":53,"column":null}}},"10":{"name":"(anonymous_21)","decl":{"start":{"line":47,"column":10},"end":{"line":47,"column":11}},"loc":{"start":{"line":47,"column":19},"end":{"line":49,"column":5}}},"11":{"name":"(anonymous_22)","decl":{"start":{"line":50,"column":11},"end":{"line":50,"column":14}},"loc":{"start":{"line":50,"column":16},"end":{"line":52,"column":5}}},"12":{"name":"register","decl":{"start":{"line":57,"column":15},"end":{"line":57,"column":23}},"loc":{"start":{"line":57,"column":51},"end":{"line":69,"column":null}}},"13":{"name":"(anonymous_25)","decl":{"start":{"line":59,"column":10},"end":{"line":59,"column":11}},"loc":{"start":{"line":59,"column":19},"end":{"line":65,"column":5}}},"14":{"name":"(anonymous_26)","decl":{"start":{"line":66,"column":11},"end":{"line":66,"column":12}},"loc":{"start":{"line":66,"column":21},"end":{"line":68,"column":5}}},"15":{"name":"login","decl":{"start":{"line":71,"column":15},"end":{"line":71,"column":20}},"loc":{"start":{"line":71,"column":48},"end":{"line":91,"column":null}}},"16":{"name":"(anonymous_29)","decl":{"start":{"line":73,"column":10},"end":{"line":73,"column":11}},"loc":{"start":{"line":73,"column":19},"end":{"line":87,"column":5}}},"17":{"name":"(anonymous_30)","decl":{"start":{"line":88,"column":11},"end":{"line":88,"column":12}},"loc":{"start":{"line":88,"column":21},"end":{"line":90,"column":5}}},"18":{"name":"logout","decl":{"start":{"line":93,"column":9},"end":{"line":93,"column":15}},"loc":{"start":{"line":93,"column":44},"end":{"line":97,"column":1}}},"19":{"name":"checkPass","decl":{"start":{"line":99,"column":15},"end":{"line":99,"column":24}},"loc":{"start":{"line":99,"column":52},"end":{"line":115,"column":null}}},"20":{"name":"(anonymous_34)","decl":{"start":{"line":101,"column":10},"end":{"line":101,"column":11}},"loc":{"start":{"line":101,"column":19},"end":{"line":111,"column":5}}},"21":{"name":"(anonymous_35)","decl":{"start":{"line":112,"column":11},"end":{"line":112,"column":12}},"loc":{"start":{"line":112,"column":21},"end":{"line":114,"column":5}}},"22":{"name":"jwtData","decl":{"start":{"line":117,"column":9},"end":{"line":117,"column":16}},"loc":{"start":{"line":117,"column":44},"end":{"line":123,"column":1}}},"23":{"name":"addToChannel","decl":{"start":{"line":125,"column":15},"end":{"line":125,"column":27}},"loc":{"start":{"line":125,"column":55},"end":{"line":133,"column":null}}},"24":{"name":"removeFromChannel","decl":{"start":{"line":135,"column":15},"end":{"line":135,"column":32}},"loc":{"start":{"line":135,"column":60},"end":{"line":147,"column":null}}},"25":{"name":"(anonymous_41)","decl":{"start":{"line":137,"column":10},"end":{"line":137,"column":11}},"loc":{"start":{"line":137,"column":19},"end":{"line":143,"column":5}}},"26":{"name":"(anonymous_42)","decl":{"start":{"line":144,"column":11},"end":{"line":144,"column":12}},"loc":{"start":{"line":144,"column":19},"end":{"line":146,"column":5}}}},"branchMap":{"0":{"loc":{"start":{"line":34,"column":6},"end":{"line":38,"column":null}},"type":"if","locations":[{"start":{"line":34,"column":6},"end":{"line":38,"column":null}},{"start":{"line":36,"column":13},"end":{"line":38,"column":null}}]},"1":{"loc":{"start":{"line":60,"column":6},"end":{"line":64,"column":null}},"type":"if","locations":[{"start":{"line":60,"column":6},"end":{"line":64,"column":null}},{"start":{"line":62,"column":13},"end":{"line":64,"column":null}}]},"2":{"loc":{"start":{"line":74,"column":6},"end":{"line":86,"column":null}},"type":"if","locations":[{"start":{"line":74,"column":6},"end":{"line":86,"column":null}},{"start":{"line":84,"column":13},"end":{"line":86,"column":null}}]},"3":{"loc":{"start":{"line":102,"column":6},"end":{"line":110,"column":null}},"type":"if","locations":[{"start":{"line":102,"column":6},"end":{"line":110,"column":null}},{"start":{"line":106,"column":13},"end":{"line":110,"column":null}}]},"4":{"loc":{"start":{"line":128,"column":2},"end":{"line":132,"column":null}},"type":"if","locations":[{"start":{"line":128,"column":2},"end":{"line":132,"column":null}},{"start":{"line":130,"column":9},"end":{"line":132,"column":null}}]},"5":{"loc":{"start":{"line":138,"column":6},"end":{"line":142,"column":null}},"type":"if","locations":[{"start":{"line":138,"column":6},"end":{"line":142,"column":null}},{"start":{"line":140,"column":13},"end":{"line":142,"column":null}}]}},"s":{"0":2,"1":2,"2":2,"3":1,"4":1,"5":2,"6":3,"7":2,"8":1,"9":2,"10":0,"11":0,"12":0,"13":0,"14":0,"15":2,"16":0,"17":0,"18":0,"19":2,"20":3,"21":2,"22":1,"23":1,"24":1,"25":2,"26":3,"27":2,"28":1,"29":1,"30":1,"31":2,"32":1,"33":2,"34":0,"35":0,"36":0,"37":0,"38":0,"39":2,"40":1,"41":1,"42":1,"43":2,"44":1,"45":1,"46":0,"47":1,"48":2,"49":1,"50":1,"51":1,"52":0,"53":0,"54":2},"f":{"0":2,"1":1,"2":1,"3":3,"4":2,"5":1,"6":0,"7":0,"8":0,"9":0,"10":0,"11":0,"12":3,"13":2,"14":1,"15":3,"16":2,"17":1,"18":1,"19":0,"20":0,"21":0,"22":1,"23":1,"24":1,"25":1,"26":0},"b":{"0":[0,0],"1":[1,1],"2":[1,1],"3":[0,0],"4":[0,1],"5":[1,0]}}
,"/mnt/c/Users/haouc/Documents/Etna/rtp_tdd/group-1047447/project_libre/server/src/database/instance.ts": {"path":"/mnt/c/Users/haouc/Documents/Etna/rtp_tdd/group-1047447/project_libre/server/src/database/instance.ts","statementMap":{"0":{"start":{"line":1,"column":22},"end":{"line":1,"column":42}},"1":{"start":{"line":3,"column":0},"end":{"line":3,"column":27}},"2":{"start":{"line":5,"column":18},"end":{"line":8,"column":2}},"3":{"start":{"line":10,"column":0},"end":{"line":10,"column":25}}},"fnMap":{},"branchMap":{},"s":{"0":2,"1":2,"2":2,"3":2},"f":{},"b":{}}
,"/mnt/c/Users/haouc/Documents/Etna/rtp_tdd/group-1047447/project_libre/server/src/database/models/Channels.ts": {"path":"/mnt/c/Users/haouc/Documents/Etna/rtp_tdd/group-1047447/project_libre/server/src/database/models/Channels.ts","statementMap":{"0":{"start":{"line":1,"column":0},"end":{"line":1,"column":38}},"1":{"start":{"line":2,"column":0},"end":{"line":2,"column":36}},"2":{"start":{"line":4,"column":17},"end":{"line":21,"column":2}},"3":{"start":{"line":23,"column":0},"end":{"line":23,"column":24}}},"fnMap":{},"branchMap":{},"s":{"0":2,"1":2,"2":2,"3":2},"f":{},"b":{}}
,"/mnt/c/Users/haouc/Documents/Etna/rtp_tdd/group-1047447/project_libre/server/src/database/models/Seminary.ts": {"path":"/mnt/c/Users/haouc/Documents/Etna/rtp_tdd/group-1047447/project_libre/server/src/database/models/Seminary.ts","statementMap":{"0":{"start":{"line":1,"column":0},"end":{"line":1,"column":47}},"1":{"start":{"line":2,"column":0},"end":{"line":2,"column":36}},"2":{"start":{"line":4,"column":17},"end":{"line":55,"column":4}},"3":{"start":{"line":57,"column":0},"end":{"line":57,"column":24}}},"fnMap":{},"branchMap":{},"s":{"0":1,"1":1,"2":1,"3":1},"f":{},"b":{}}
,"/mnt/c/Users/haouc/Documents/Etna/rtp_tdd/group-1047447/project_libre/server/src/database/models/Task.ts": {"path":"/mnt/c/Users/haouc/Documents/Etna/rtp_tdd/group-1047447/project_libre/server/src/database/models/Task.ts","statementMap":{"0":{"start":{"line":2,"column":0},"end":{"line":2,"column":38}},"1":{"start":{"line":3,"column":0},"end":{"line":3,"column":36}},"2":{"start":{"line":5,"column":13},"end":{"line":30,"column":2}},"3":{"start":{"line":33,"column":0},"end":{"line":33,"column":20}}},"fnMap":{},"branchMap":{},"s":{"0":1,"1":1,"2":1,"3":1},"f":{},"b":{}}
,"/mnt/c/Users/haouc/Documents/Etna/rtp_tdd/group-1047447/project_libre/server/src/database/models/Users.ts": {"path":"/mnt/c/Users/haouc/Documents/Etna/rtp_tdd/group-1047447/project_libre/server/src/database/models/Users.ts","statementMap":{"0":{"start":{"line":1,"column":0},"end":{"line":1,"column":38}},"1":{"start":{"line":2,"column":0},"end":{"line":2,"column":36}},"2":{"start":{"line":4,"column":14},"end":{"line":42,"column":2}},"3":{"start":{"line":44,"column":0},"end":{"line":44,"column":21}}},"fnMap":{},"branchMap":{},"s":{"0":1,"1":1,"2":1,"3":1},"f":{},"b":{}}
,"/mnt/c/Users/haouc/Documents/Etna/rtp_tdd/group-1047447/project_libre/server/src/middleware/authJwt.ts": {"path":"/mnt/c/Users/haouc/Documents/Etna/rtp_tdd/group-1047447/project_libre/server/src/middleware/authJwt.ts","statementMap":{"0":{"start":{"line":3,"column":0},"end":{"line":3,"column":27}},"1":{"start":{"line":4,"column":12},"end":{"line":4,"column":35}},"2":{"start":{"line":8,"column":16},"end":{"line":8,"column":40}},"3":{"start":{"line":11,"column":2},"end":{"line":27,"column":null}},"4":{"start":{"line":12,"column":4},"end":{"line":14,"column":7}},"5":{"start":{"line":17,"column":4},"end":{"line":26,"column":7}},"6":{"start":{"line":18,"column":6},"end":{"line":25,"column":null}},"7":{"start":{"line":19,"column":8},"end":{"line":21,"column":11}},"8":{"start":{"line":23,"column":8},"end":{"line":23,"column":29}},"9":{"start":{"line":24,"column":8},"end":{"line":24,"column":15}},"10":{"start":{"line":30,"column":0},"end":{"line":30,"column":23}}},"fnMap":{"0":{"name":"authJWT","decl":{"start":{"line":6,"column":9},"end":{"line":6,"column":16}},"loc":{"start":{"line":6,"column":64},"end":{"line":28,"column":1}}},"1":{"name":"(anonymous_1)","decl":{"start":{"line":17,"column":46},"end":{"line":17,"column":47}},"loc":{"start":{"line":17,"column":70},"end":{"line":26,"column":5}}}},"branchMap":{"0":{"loc":{"start":{"line":11,"column":2},"end":{"line":27,"column":null}},"type":"if","locations":[{"start":{"line":11,"column":2},"end":{"line":27,"column":null}},{"start":{"line":15,"column":9},"end":{"line":27,"column":null}}]},"1":{"loc":{"start":{"line":18,"column":6},"end":{"line":25,"column":null}},"type":"if","locations":[{"start":{"line":18,"column":6},"end":{"line":25,"column":null}},{"start":{"line":22,"column":13},"end":{"line":25,"column":null}}]}},"s":{"0":1,"1":1,"2":0,"3":0,"4":0,"5":0,"6":0,"7":0,"8":0,"9":0,"10":1},"f":{"0":0,"1":0},"b":{"0":[0,0],"1":[0,0]}}
,"/mnt/c/Users/haouc/Documents/Etna/rtp_tdd/group-1047447/project_libre/server/src/routes/channels.route.ts": {"path":"/mnt/c/Users/haouc/Documents/Etna/rtp_tdd/group-1047447/project_libre/server/src/routes/channels.route.ts","statementMap":{"0":{"start":{"line":2,"column":0},"end":{"line":2,"column":105}},"1":{"start":{"line":3,"column":0},"end":{"line":3,"column":44}},"2":{"start":{"line":5,"column":16},"end":{"line":5,"column":34}},"3":{"start":{"line":7,"column":30},"end":{"line":7,"column":46}},"4":{"start":{"line":9,"column":0},"end":{"line":9,"column":40}},"5":{"start":{"line":10,"column":0},"end":{"line":10,"column":44}},"6":{"start":{"line":11,"column":0},"end":{"line":11,"column":null}},"7":{"start":{"line":12,"column":0},"end":{"line":12,"column":41}},"8":{"start":{"line":13,"column":0},"end":{"line":13,"column":62}},"9":{"start":{"line":15,"column":0},"end":{"line":15,"column":29}}},"fnMap":{},"branchMap":{},"s":{"0":1,"1":1,"2":1,"3":1,"4":1,"5":1,"6":1,"7":1,"8":1,"9":1},"f":{},"b":{}}
,"/mnt/c/Users/haouc/Documents/Etna/rtp_tdd/group-1047447/project_libre/server/src/routes/seminary.route.ts": {"path":"/mnt/c/Users/haouc/Documents/Etna/rtp_tdd/group-1047447/project_libre/server/src/routes/seminary.route.ts","statementMap":{"0":{"start":{"line":2,"column":0},"end":{"line":2,"column":122}},"1":{"start":{"line":3,"column":16},"end":{"line":3,"column":34}},"2":{"start":{"line":5,"column":31},"end":{"line":5,"column":47}},"3":{"start":{"line":7,"column":0},"end":{"line":7,"column":32}},"4":{"start":{"line":8,"column":0},"end":{"line":8,"column":42}},"5":{"start":{"line":9,"column":0},"end":{"line":9,"column":44}},"6":{"start":{"line":10,"column":0},"end":{"line":10,"column":48}},"7":{"start":{"line":11,"column":0},"end":{"line":11,"column":38}},"8":{"start":{"line":14,"column":0},"end":{"line":14,"column":30}}},"fnMap":{},"branchMap":{},"s":{"0":1,"1":1,"2":1,"3":1,"4":1,"5":1,"6":1,"7":1,"8":1},"f":{},"b":{}}
,"/mnt/c/Users/haouc/Documents/Etna/rtp_tdd/group-1047447/project_libre/server/src/routes/task.route.ts": {"path":"/mnt/c/Users/haouc/Documents/Etna/rtp_tdd/group-1047447/project_libre/server/src/routes/task.route.ts","statementMap":{"0":{"start":{"line":2,"column":0},"end":{"line":2,"column":102}},"1":{"start":{"line":3,"column":16},"end":{"line":3,"column":34}},"2":{"start":{"line":5,"column":27},"end":{"line":5,"column":43}},"3":{"start":{"line":7,"column":0},"end":{"line":7,"column":29}},"4":{"start":{"line":8,"column":0},"end":{"line":8,"column":36}},"5":{"start":{"line":9,"column":0},"end":{"line":9,"column":37}},"6":{"start":{"line":10,"column":0},"end":{"line":10,"column":30}},"7":{"start":{"line":11,"column":0},"end":{"line":11,"column":36}},"8":{"start":{"line":13,"column":0},"end":{"line":13,"column":null}}},"fnMap":{},"branchMap":{},"s":{"0":1,"1":1,"2":1,"3":1,"4":1,"5":1,"6":1,"7":1,"8":1},"f":{},"b":{}}
,"/mnt/c/Users/haouc/Documents/Etna/rtp_tdd/group-1047447/project_libre/server/src/routes/users.route.ts": {"path":"/mnt/c/Users/haouc/Documents/Etna/rtp_tdd/group-1047447/project_libre/server/src/routes/users.route.ts","statementMap":{"0":{"start":{"line":2,"column":0},"end":{"line":2,"column":null}},"1":{"start":{"line":10,"column":0},"end":{"line":10,"column":44}},"2":{"start":{"line":12,"column":16},"end":{"line":12,"column":34}},"3":{"start":{"line":14,"column":27},"end":{"line":14,"column":43}},"4":{"start":{"line":16,"column":0},"end":{"line":16,"column":45}},"5":{"start":{"line":17,"column":0},"end":{"line":17,"column":null}},"6":{"start":{"line":18,"column":0},"end":{"line":18,"column":43}},"7":{"start":{"line":19,"column":0},"end":{"line":19,"column":28}},"8":{"start":{"line":20,"column":0},"end":{"line":20,"column":32}},"9":{"start":{"line":21,"column":0},"end":{"line":21,"column":46}},"10":{"start":{"line":22,"column":0},"end":{"line":22,"column":47}},"11":{"start":{"line":23,"column":0},"end":{"line":23,"column":39}},"12":{"start":{"line":24,"column":0},"end":{"line":24,"column":33}},"13":{"start":{"line":25,"column":0},"end":{"line":25,"column":null}},"14":{"start":{"line":26,"column":0},"end":{"line":26,"column":null}},"15":{"start":{"line":28,"column":0},"end":{"line":28,"column":26}}},"fnMap":{},"branchMap":{},"s":{"0":1,"1":1,"2":1,"3":1,"4":1,"5":1,"6":1,"7":1,"8":1,"9":1,"10":1,"11":1,"12":1,"13":1,"14":1,"15":1},"f":{},"b":{}}
,"/mnt/c/Users/haouc/Documents/Etna/rtp_tdd/group-1047447/project_libre/server/src/services/channels.service.ts": {"path":"/mnt/c/Users/haouc/Documents/Etna/rtp_tdd/group-1047447/project_libre/server/src/services/channels.service.ts","statementMap":{"0":{"start":{"line":1,"column":0},"end":{"line":1,"column":66}},"1":{"start":{"line":2,"column":0},"end":{"line":2,"column":51}},"2":{"start":{"line":3,"column":0},"end":{"line":3,"column":46}},"3":{"start":{"line":6,"column":19},"end":{"line":6,"column":43}},"4":{"start":{"line":7,"column":2},"end":{"line":7,"column":18}},"5":{"start":{"line":71,"column":2},"end":{"line":71,"column":16}},"6":{"start":{"line":11,"column":18},"end":{"line":15,"column":4}},"7":{"start":{"line":16,"column":2},"end":{"line":16,"column":17}},"8":{"start":{"line":71,"column":18},"end":{"line":71,"column":33}},"9":{"start":{"line":21,"column":2},"end":{"line":23,"column":31}},"10":{"start":{"line":22,"column":20},"end":{"line":22,"column":37}},"11":{"start":{"line":23,"column":17},"end":{"line":23,"column":29}},"12":{"start":{"line":25,"column":2},"end":{"line":33,"column":null}},"13":{"start":{"line":26,"column":4},"end":{"line":32,"column":null}},"14":{"start":{"line":28,"column":8},"end":{"line":31,"column":null}},"15":{"start":{"line":34,"column":2},"end":{"line":38,"column":5}},"16":{"start":{"line":39,"column":2},"end":{"line":42,"column":null}},"17":{"start":{"line":73,"column":2},"end":{"line":73,"column":19}},"18":{"start":{"line":46,"column":17},"end":{"line":46,"column":44}},"19":{"start":{"line":47,"column":2},"end":{"line":47,"column":16}},"20":{"start":{"line":72,"column":2},"end":{"line":72,"column":16}},"21":{"start":{"line":51,"column":18},"end":{"line":55,"column":4}},"22":{"start":{"line":57,"column":2},"end":{"line":57,"column":125}},"23":{"start":{"line":59,"column":2},"end":{"line":61,"column":24}},"24":{"start":{"line":63,"column":2},"end":{"line":66,"column":4}},"25":{"start":{"line":72,"column":18},"end":{"line":72,"column":36}}},"fnMap":{"0":{"name":"getAllChannels","decl":{"start":{"line":5,"column":15},"end":{"line":5,"column":29}},"loc":{"start":{"line":5,"column":29},"end":{"line":8,"column":null}}},"1":{"name":"getByIdChannels","decl":{"start":{"line":10,"column":15},"end":{"line":10,"column":30}},"loc":{"start":{"line":10,"column":38},"end":{"line":17,"column":null}}},"2":{"name":"deleteChannelById","decl":{"start":{"line":19,"column":15},"end":{"line":19,"column":32}},"loc":{"start":{"line":19,"column":40},"end":{"line":43,"column":null}}},"3":{"name":"(anonymous_14)","decl":{"start":{"line":22,"column":10},"end":{"line":22,"column":11}},"loc":{"start":{"line":22,"column":20},"end":{"line":22,"column":37}}},"4":{"name":"(anonymous_15)","decl":{"start":{"line":23,"column":11},"end":{"line":23,"column":14}},"loc":{"start":{"line":23,"column":17},"end":{"line":23,"column":29}}},"5":{"name":"(anonymous_16)","decl":{"start":{"line":27,"column":13},"end":{"line":27,"column":14}},"loc":{"start":{"line":27,"column":21},"end":{"line":32,"column":7}}},"6":{"name":"createChannels","decl":{"start":{"line":45,"column":15},"end":{"line":45,"column":29}},"loc":{"start":{"line":45,"column":39},"end":{"line":48,"column":null}}},"7":{"name":"sendMessageChannel","decl":{"start":{"line":50,"column":15},"end":{"line":50,"column":33}},"loc":{"start":{"line":50,"column":52},"end":{"line":67,"column":null}}}},"branchMap":{},"s":{"0":2,"1":2,"2":2,"3":1,"4":1,"5":2,"6":2,"7":2,"8":2,"9":1,"10":1,"11":0,"12":1,"13":2,"14":0,"15":1,"16":1,"17":2,"18":1,"19":1,"20":2,"21":1,"22":1,"23":1,"24":1,"25":2},"f":{"0":1,"1":2,"2":1,"3":1,"4":0,"5":0,"6":1,"7":1},"b":{}}
,"/mnt/c/Users/haouc/Documents/Etna/rtp_tdd/group-1047447/project_libre/server/src/services/seminaries.service.ts": {"path":"/mnt/c/Users/haouc/Documents/Etna/rtp_tdd/group-1047447/project_libre/server/src/services/seminaries.service.ts","statementMap":{"0":{"start":{"line":2,"column":0},"end":{"line":2,"column":50}},"1":{"start":{"line":5,"column":22},"end":{"line":5,"column":53}},"2":{"start":{"line":6,"column":4},"end":{"line":9,"column":null}},"3":{"start":{"line":4,"column":0},"end":{"line":4,"column":22}},"4":{"start":{"line":13,"column":21},"end":{"line":17,"column":6}},"5":{"start":{"line":18,"column":4},"end":{"line":21,"column":null}},"6":{"start":{"line":12,"column":0},"end":{"line":12,"column":22}},"7":{"start":{"line":25,"column":21},"end":{"line":25,"column":45}},"8":{"start":{"line":26,"column":4},"end":{"line":29,"column":null}},"9":{"start":{"line":24,"column":0},"end":{"line":24,"column":22}},"10":{"start":{"line":33,"column":19},"end":{"line":33,"column":29}},"11":{"start":{"line":34,"column":27},"end":{"line":38,"column":5}},"12":{"start":{"line":39,"column":3},"end":{"line":42,"column":null}},"13":{"start":{"line":32,"column":0},"end":{"line":32,"column":22}},"14":{"start":{"line":47,"column":19},"end":{"line":47,"column":29}},"15":{"start":{"line":48,"column":19},"end":{"line":52,"column":6}},"16":{"start":{"line":53,"column":4},"end":{"line":56,"column":6}},"17":{"start":{"line":46,"column":0},"end":{"line":46,"column":22}}},"fnMap":{"0":{"name":"createSeminary","decl":{"start":{"line":4,"column":22},"end":{"line":4,"column":36}},"loc":{"start":{"line":4,"column":49},"end":{"line":10,"column":null}}},"1":{"name":"getByIdSeminary","decl":{"start":{"line":12,"column":22},"end":{"line":12,"column":37}},"loc":{"start":{"line":12,"column":50},"end":{"line":22,"column":null}}},"2":{"name":"getAllSeminaries","decl":{"start":{"line":24,"column":22},"end":{"line":24,"column":38}},"loc":{"start":{"line":24,"column":51},"end":{"line":30,"column":null}}},"3":{"name":"deleteSeminary","decl":{"start":{"line":32,"column":22},"end":{"line":32,"column":36}},"loc":{"start":{"line":32,"column":49},"end":{"line":43,"column":null}}},"4":{"name":"updateSeminaryById","decl":{"start":{"line":46,"column":22},"end":{"line":46,"column":40}},"loc":{"start":{"line":46,"column":53},"end":{"line":57,"column":null}}}},"branchMap":{},"s":{"0":2,"1":1,"2":1,"3":2,"4":2,"5":2,"6":2,"7":2,"8":2,"9":2,"10":2,"11":2,"12":2,"13":2,"14":2,"15":2,"16":2,"17":2},"f":{"0":1,"1":2,"2":2,"3":2,"4":2},"b":{}}
,"/mnt/c/Users/haouc/Documents/Etna/rtp_tdd/group-1047447/project_libre/server/src/services/task.service.ts": {"path":"/mnt/c/Users/haouc/Documents/Etna/rtp_tdd/group-1047447/project_libre/server/src/services/task.service.ts","statementMap":{"0":{"start":{"line":2,"column":0},"end":{"line":2,"column":42}},"1":{"start":{"line":5,"column":22},"end":{"line":5,"column":49}},"2":{"start":{"line":6,"column":4},"end":{"line":9,"column":null}},"3":{"start":{"line":4,"column":0},"end":{"line":4,"column":22}},"4":{"start":{"line":13,"column":17},"end":{"line":17,"column":6}},"5":{"start":{"line":18,"column":4},"end":{"line":21,"column":null}},"6":{"start":{"line":12,"column":0},"end":{"line":12,"column":22}},"7":{"start":{"line":25,"column":17},"end":{"line":25,"column":37}},"8":{"start":{"line":26,"column":4},"end":{"line":29,"column":null}},"9":{"start":{"line":24,"column":0},"end":{"line":24,"column":22}},"10":{"start":{"line":33,"column":19},"end":{"line":33,"column":29}},"11":{"start":{"line":34,"column":24},"end":{"line":38,"column":6}},"12":{"start":{"line":39,"column":4},"end":{"line":42,"column":null}},"13":{"start":{"line":32,"column":0},"end":{"line":32,"column":22}},"14":{"start":{"line":47,"column":19},"end":{"line":47,"column":29}},"15":{"start":{"line":48,"column":19},"end":{"line":52,"column":6}},"16":{"start":{"line":53,"column":4},"end":{"line":56,"column":6}},"17":{"start":{"line":46,"column":0},"end":{"line":46,"column":22}}},"fnMap":{"0":{"name":"createTask","decl":{"start":{"line":4,"column":22},"end":{"line":4,"column":32}},"loc":{"start":{"line":4,"column":45},"end":{"line":10,"column":null}}},"1":{"name":"getByIdTask","decl":{"start":{"line":12,"column":22},"end":{"line":12,"column":33}},"loc":{"start":{"line":12,"column":46},"end":{"line":22,"column":null}}},"2":{"name":"getAllTask","decl":{"start":{"line":24,"column":22},"end":{"line":24,"column":32}},"loc":{"start":{"line":24,"column":45},"end":{"line":30,"column":null}}},"3":{"name":"deleteTask","decl":{"start":{"line":32,"column":22},"end":{"line":32,"column":32}},"loc":{"start":{"line":32,"column":45},"end":{"line":43,"column":null}}},"4":{"name":"updateTaskById","decl":{"start":{"line":46,"column":22},"end":{"line":46,"column":36}},"loc":{"start":{"line":46,"column":49},"end":{"line":57,"column":null}}}},"branchMap":{},"s":{"0":2,"1":1,"2":1,"3":2,"4":2,"5":2,"6":2,"7":2,"8":2,"9":2,"10":2,"11":2,"12":2,"13":2,"14":2,"15":2,"16":2,"17":2},"f":{"0":1,"1":2,"2":2,"3":2,"4":2},"b":{}}
,"/mnt/c/Users/haouc/Documents/Etna/rtp_tdd/group-1047447/project_libre/server/src/services/users.service.ts": {"path":"/mnt/c/Users/haouc/Documents/Etna/rtp_tdd/group-1047447/project_libre/server/src/services/users.service.ts","statementMap":{"0":{"start":{"line":3,"column":0},"end":{"line":3,"column":51}},"1":{"start":{"line":4,"column":0},"end":{"line":4,"column":45}},"2":{"start":{"line":6,"column":15},"end":{"line":6,"column":32}},"3":{"start":{"line":7,"column":12},"end":{"line":7,"column":35}},"4":{"start":{"line":11,"column":15},"end":{"line":15,"column":4}},"5":{"start":{"line":16,"column":2},"end":{"line":19,"column":4}},"6":{"start":{"line":256,"column":2},"end":{"line":256,"column":14}},"7":{"start":{"line":23,"column":21},"end":{"line":23,"column":42}},"8":{"start":{"line":24,"column":2},"end":{"line":27,"column":4}},"9":{"start":{"line":256,"column":16},"end":{"line":256,"column":27}},"10":{"start":{"line":31,"column":2},"end":{"line":35,"column":5}},"11":{"start":{"line":36,"column":2},"end":{"line":39,"column":4}},"12":{"start":{"line":257,"column":16},"end":{"line":257,"column":26}},"13":{"start":{"line":43,"column":31},"end":{"line":43,"column":36}},"14":{"start":{"line":44,"column":28},"end":{"line":44,"column":33}},"15":{"start":{"line":46,"column":2},"end":{"line":55,"column":null}},"16":{"start":{"line":47,"column":21},"end":{"line":51,"column":6}},"17":{"start":{"line":52,"column":4},"end":{"line":54,"column":null}},"18":{"start":{"line":53,"column":6},"end":{"line":53,"column":27}},"19":{"start":{"line":57,"column":2},"end":{"line":66,"column":null}},"20":{"start":{"line":58,"column":18},"end":{"line":62,"column":6}},"21":{"start":{"line":63,"column":4},"end":{"line":65,"column":null}},"22":{"start":{"line":64,"column":6},"end":{"line":64,"column":24}},"23":{"start":{"line":67,"column":2},"end":{"line":79,"column":null}},"24":{"start":{"line":68,"column":17},"end":{"line":72,"column":6}},"25":{"start":{"line":74,"column":4},"end":{"line":78,"column":null}},"26":{"start":{"line":75,"column":6},"end":{"line":75,"column":67}},"27":{"start":{"line":77,"column":6},"end":{"line":77,"column":34}},"28":{"start":{"line":80,"column":2},"end":{"line":95,"column":null}},"29":{"start":{"line":81,"column":4},"end":{"line":85,"column":7}},"30":{"start":{"line":86,"column":4},"end":{"line":89,"column":6}},"31":{"start":{"line":90,"column":9},"end":{"line":95,"column":null}},"32":{"start":{"line":91,"column":4},"end":{"line":94,"column":null}},"33":{"start":{"line":96,"column":2},"end":{"line":99,"column":null}},"34":{"start":{"line":258,"column":2},"end":{"line":258,"column":12}},"35":{"start":{"line":103,"column":24},"end":{"line":107,"column":4}},"36":{"start":{"line":108,"column":22},"end":{"line":112,"column":4}},"37":{"start":{"line":114,"column":2},"end":{"line":131,"column":null}},"38":{"start":{"line":115,"column":4},"end":{"line":115,"column":65}},"39":{"start":{"line":116,"column":4},"end":{"line":116,"column":33}},"40":{"start":{"line":117,"column":4},"end":{"line":120,"column":null}},"41":{"start":{"line":121,"column":9},"end":{"line":131,"column":null}},"42":{"start":{"line":122,"column":4},"end":{"line":125,"column":null}},"43":{"start":{"line":127,"column":4},"end":{"line":130,"column":null}},"44":{"start":{"line":257,"column":2},"end":{"line":257,"column":14}},"45":{"start":{"line":135,"column":24},"end":{"line":139,"column":4}},"46":{"start":{"line":140,"column":22},"end":{"line":144,"column":4}},"47":{"start":{"line":145,"column":2},"end":{"line":150,"column":null}},"48":{"start":{"line":146,"column":4},"end":{"line":149,"column":null}},"49":{"start":{"line":152,"column":20},"end":{"line":152,"column":117}},"50":{"start":{"line":154,"column":2},"end":{"line":165,"column":null}},"51":{"start":{"line":155,"column":18},"end":{"line":159,"column":6}},"52":{"start":{"line":161,"column":4},"end":{"line":164,"column":6}},"53":{"start":{"line":167,"column":2},"end":{"line":170,"column":4}},"54":{"start":{"line":258,"column":14},"end":{"line":258,"column":23}},"55":{"start":{"line":174,"column":21},"end":{"line":178,"column":4}},"56":{"start":{"line":179,"column":20},"end":{"line":179,"column":78}},"57":{"start":{"line":180,"column":2},"end":{"line":185,"column":null}},"58":{"start":{"line":181,"column":4},"end":{"line":184,"column":6}},"59":{"start":{"line":186,"column":2},"end":{"line":189,"column":4}},"60":{"start":{"line":259,"column":2},"end":{"line":259,"column":15}},"61":{"start":{"line":193,"column":15},"end":{"line":197,"column":4}},"62":{"start":{"line":199,"column":2},"end":{"line":203,"column":null}},"63":{"start":{"line":200,"column":4},"end":{"line":202,"column":null}},"64":{"start":{"line":201,"column":6},"end":{"line":201,"column":null}},"65":{"start":{"line":205,"column":18},"end":{"line":209,"column":4}},"66":{"start":{"line":211,"column":2},"end":{"line":219,"column":null}},"67":{"start":{"line":212,"column":4},"end":{"line":212,"column":34}},"68":{"start":{"line":214,"column":4},"end":{"line":216,"column":36}},"69":{"start":{"line":218,"column":4},"end":{"line":218,"column":null}},"70":{"start":{"line":221,"column":2},"end":{"line":221,"column":14}},"71":{"start":{"line":259,"column":17},"end":{"line":259,"column":33}},"72":{"start":{"line":225,"column":15},"end":{"line":229,"column":4}},"73":{"start":{"line":230,"column":27},"end":{"line":230,"column":29}},"74":{"start":{"line":231,"column":2},"end":{"line":235,"column":null}},"75":{"start":{"line":232,"column":4},"end":{"line":234,"column":null}},"76":{"start":{"line":233,"column":6},"end":{"line":233,"column":29}},"77":{"start":{"line":236,"column":2},"end":{"line":241,"column":null}},"78":{"start":{"line":237,"column":4},"end":{"line":240,"column":6}},"79":{"start":{"line":242,"column":2},"end":{"line":248,"column":5}},"80":{"start":{"line":249,"column":2},"end":{"line":252,"column":4}},"81":{"start":{"line":259,"column":35},"end":{"line":259,"column":56}}},"fnMap":{"0":{"name":"getByIdUsers","decl":{"start":{"line":10,"column":15},"end":{"line":10,"column":27}},"loc":{"start":{"line":10,"column":40},"end":{"line":20,"column":null}}},"1":{"name":"getAllUsers","decl":{"start":{"line":22,"column":15},"end":{"line":22,"column":26}},"loc":{"start":{"line":22,"column":26},"end":{"line":28,"column":null}}},"2":{"name":"deleteUser","decl":{"start":{"line":30,"column":15},"end":{"line":30,"column":25}},"loc":{"start":{"line":30,"column":38},"end":{"line":40,"column":null}}},"3":{"name":"updateUser","decl":{"start":{"line":42,"column":15},"end":{"line":42,"column":25}},"loc":{"start":{"line":42,"column":38},"end":{"line":100,"column":null}}},"4":{"name":"registerUser","decl":{"start":{"line":102,"column":15},"end":{"line":102,"column":27}},"loc":{"start":{"line":102,"column":40},"end":{"line":132,"column":null}}},"5":{"name":"loginUser","decl":{"start":{"line":134,"column":15},"end":{"line":134,"column":24}},"loc":{"start":{"line":134,"column":37},"end":{"line":171,"column":null}}},"6":{"name":"checkPassUser","decl":{"start":{"line":173,"column":15},"end":{"line":173,"column":28}},"loc":{"start":{"line":173,"column":41},"end":{"line":190,"column":null}}},"7":{"name":"addUserToChannel","decl":{"start":{"line":192,"column":15},"end":{"line":192,"column":31}},"loc":{"start":{"line":192,"column":59},"end":{"line":222,"column":null}}},"8":{"name":"removeUserFromChannel","decl":{"start":{"line":224,"column":15},"end":{"line":224,"column":36}},"loc":{"start":{"line":224,"column":64},"end":{"line":253,"column":null}}}},"branchMap":{"0":{"loc":{"start":{"line":46,"column":2},"end":{"line":55,"column":null}},"type":"if","locations":[{"start":{"line":46,"column":2},"end":{"line":55,"column":null}}]},"1":{"loc":{"start":{"line":52,"column":4},"end":{"line":54,"column":null}},"type":"if","locations":[{"start":{"line":52,"column":4},"end":{"line":54,"column":null}}]},"2":{"loc":{"start":{"line":52,"column":8},"end":{"line":52,"column":47}},"type":"binary-expr","locations":[{"start":{"line":52,"column":8},"end":{"line":52,"column":16}},{"start":{"line":52,"column":20},"end":{"line":52,"column":47}}]},"3":{"loc":{"start":{"line":57,"column":2},"end":{"line":66,"column":null}},"type":"if","locations":[{"start":{"line":57,"column":2},"end":{"line":66,"column":null}}]},"4":{"loc":{"start":{"line":63,"column":4},"end":{"line":65,"column":null}},"type":"if","locations":[{"start":{"line":63,"column":4},"end":{"line":65,"column":null}}]},"5":{"loc":{"start":{"line":63,"column":8},"end":{"line":63,"column":41}},"type":"binary-expr","locations":[{"start":{"line":63,"column":8},"end":{"line":63,"column":13}},{"start":{"line":63,"column":17},"end":{"line":63,"column":41}}]},"6":{"loc":{"start":{"line":67,"column":2},"end":{"line":79,"column":null}},"type":"if","locations":[{"start":{"line":67,"column":2},"end":{"line":79,"column":null}}]},"7":{"loc":{"start":{"line":74,"column":4},"end":{"line":78,"column":null}},"type":"if","locations":[{"start":{"line":74,"column":4},"end":{"line":78,"column":null}},{"start":{"line":76,"column":11},"end":{"line":78,"column":null}}]},"8":{"loc":{"start":{"line":80,"column":2},"end":{"line":95,"column":null}},"type":"if","locations":[{"start":{"line":80,"column":2},"end":{"line":95,"column":null}},{"start":{"line":90,"column":9},"end":{"line":95,"column":null}}]},"9":{"loc":{"start":{"line":80,"column":6},"end":{"line":80,"column":35}},"type":"binary-expr","locations":[{"start":{"line":80,"column":6},"end":{"line":80,"column":17}},{"start":{"line":80,"column":21},"end":{"line":80,"column":35}}]},"10":{"loc":{"start":{"line":90,"column":9},"end":{"line":95,"column":null}},"type":"if","locations":[{"start":{"line":90,"column":9},"end":{"line":95,"column":null}}]},"11":{"loc":{"start":{"line":114,"column":2},"end":{"line":131,"column":null}},"type":"if","locations":[{"start":{"line":114,"column":2},"end":{"line":131,"column":null}},{"start":{"line":121,"column":9},"end":{"line":131,"column":null}}]},"12":{"loc":{"start":{"line":114,"column":6},"end":{"line":114,"column":36}},"type":"binary-expr","locations":[{"start":{"line":114,"column":6},"end":{"line":114,"column":20}},{"start":{"line":114,"column":24},"end":{"line":114,"column":36}}]},"13":{"loc":{"start":{"line":121,"column":9},"end":{"line":131,"column":null}},"type":"if","locations":[{"start":{"line":121,"column":9},"end":{"line":131,"column":null}},{"start":{"line":126,"column":8},"end":{"line":131,"column":null}}]},"14":{"loc":{"start":{"line":145,"column":2},"end":{"line":150,"column":null}},"type":"if","locations":[{"start":{"line":145,"column":2},"end":{"line":150,"column":null}}]},"15":{"loc":{"start":{"line":145,"column":6},"end":{"line":145,"column":36}},"type":"binary-expr","locations":[{"start":{"line":145,"column":6},"end":{"line":145,"column":18}},{"start":{"line":145,"column":22},"end":{"line":145,"column":36}}]},"16":{"loc":{"start":{"line":152,"column":58},"end":{"line":152,"column":116}},"type":"cond-expr","locations":[{"start":{"line":152,"column":71},"end":{"line":152,"column":91}},{"start":{"line":152,"column":94},"end":{"line":152,"column":116}}]},"17":{"loc":{"start":{"line":154,"column":2},"end":{"line":165,"column":null}},"type":"if","locations":[{"start":{"line":154,"column":2},"end":{"line":165,"column":null}}]},"18":{"loc":{"start":{"line":156,"column":10},"end":{"line":156,"column":56}},"type":"cond-expr","locations":[{"start":{"line":156,"column":23},"end":{"line":156,"column":37}},{"start":{"line":156,"column":40},"end":{"line":156,"column":56}}]},"19":{"loc":{"start":{"line":180,"column":2},"end":{"line":185,"column":null}},"type":"if","locations":[{"start":{"line":180,"column":2},"end":{"line":185,"column":null}}]},"20":{"loc":{"start":{"line":180,"column":6},"end":{"line":180,"column":29}},"type":"binary-expr","locations":[{"start":{"line":180,"column":6},"end":{"line":180,"column":16}},{"start":{"line":180,"column":20},"end":{"line":180,"column":29}}]},"21":{"loc":{"start":{"line":200,"column":4},"end":{"line":202,"column":null}},"type":"if","locations":[{"start":{"line":200,"column":4},"end":{"line":202,"column":null}}]},"22":{"loc":{"start":{"line":211,"column":2},"end":{"line":219,"column":null}},"type":"if","locations":[{"start":{"line":211,"column":2},"end":{"line":219,"column":null}},{"start":{"line":217,"column":9},"end":{"line":219,"column":null}}]},"23":{"loc":{"start":{"line":232,"column":4},"end":{"line":234,"column":null}},"type":"if","locations":[{"start":{"line":232,"column":4},"end":{"line":234,"column":null}}]},"24":{"loc":{"start":{"line":236,"column":2},"end":{"line":241,"column":null}},"type":"if","locations":[{"start":{"line":236,"column":2},"end":{"line":241,"column":null}}]}},"s":{"0":2,"1":2,"2":2,"3":2,"4":2,"5":2,"6":2,"7":2,"8":2,"9":2,"10":1,"11":1,"12":2,"13":2,"14":2,"15":2,"16":2,"17":2,"18":1,"19":2,"20":2,"21":2,"22":0,"23":2,"24":1,"25":1,"26":0,"27":0,"28":1,"29":0,"30":0,"31":1,"32":0,"33":1,"34":2,"35":3,"36":3,"37":3,"38":1,"39":1,"40":1,"41":2,"42":1,"43":1,"44":2,"45":2,"46":2,"47":2,"48":1,"49":1,"50":1,"51":1,"52":1,"53":0,"54":2,"55":0,"56":0,"57":0,"58":0,"59":0,"60":2,"61":2,"62":2,"63":1,"64":1,"65":1,"66":1,"67":1,"68":1,"69":0,"70":1,"71":2,"72":1,"73":1,"74":1,"75":2,"76":1,"77":1,"78":0,"79":1,"80":1,"81":2},"f":{"0":2,"1":2,"2":1,"3":2,"4":3,"5":2,"6":0,"7":2,"8":1},"b":{"0":[2],"1":[1],"2":[2,1],"3":[2],"4":[0],"5":[2,0],"6":[1],"7":[0,0],"8":[0,1],"9":[1,1],"10":[0],"11":[1,2],"12":[3,2],"13":[1,1],"14":[1],"15":[2,2],"16":[0,1],"17":[1],"18":[0,1],"19":[0],"20":[0,0],"21":[1],"22":[1,0],"23":[1],"24":[0]}}
}
