TN:
SF:src/server.ts
FN:28,(anonymous_1)
FNF:1
FNH:0
FNDA:0,(anonymous_1)
DA:1,1
DA:2,1
DA:3,1
DA:4,1
DA:5,1
DA:6,1
DA:7,1
DA:9,1
DA:11,1
DA:12,1
DA:14,1
DA:15,1
DA:19,1
DA:21,1
DA:22,1
DA:23,1
DA:24,1
DA:27,1
DA:28,0
DA:29,0
DA:33,1
LF:21
LH:19
BRDA:27,0,0,0
BRF:1
BRH:0
end_of_record
TN:
SF:src/controllers/channels.controller.ts
FN:5,getAll
FN:10,getById
FN:20,create
FN:36,sendMessage
FN:45,deleteChannel
FN:47,(anonymous_17)
FN:52,(anonymous_18)
FNF:7
FNH:0
FNDA:0,getAll
FNDA:0,getById
FNDA:0,create
FNDA:0,sendMessage
FNDA:0,deleteChannel
FNDA:0,(anonymous_17)
FNDA:0,(anonymous_18)
DA:2,1
DA:3,1
DA:6,0
DA:7,0
DA:11,0
DA:13,0
DA:14,0
DA:16,0
DA:22,0
DA:23,0
DA:24,0
DA:25,0
DA:26,0
DA:27,0
DA:32,0
DA:33,0
DA:37,0
DA:38,0
DA:39,0
DA:41,0
DA:46,0
DA:48,0
DA:49,0
DA:53,0
DA:59,1
DA:60,1
LF:26
LH:4
BRDA:13,0,0,0
BRDA:13,0,1,0
BRDA:24,1,0,0
BRDA:25,2,0,0
BRDA:25,3,0,0
BRDA:25,3,1,0
BRDA:37,4,0,0
BRDA:37,4,1,0
BRDA:37,5,0,0
BRDA:37,5,1,0
BRDA:48,6,0,0
BRF:11
BRH:0
end_of_record
TN:
SF:src/controllers/seminaries.controller.ts
FN:4,newSeminary
FN:15,getSeminaryId
FN:26,Allget
FN:35,deleteSeminaries
FN:45,patchSeminary
FNF:5
FNH:1
FNDA:0,newSeminary
FNDA:0,getSeminaryId
FNDA:1,Allget
FNDA:0,deleteSeminaries
FNDA:0,patchSeminary
DA:2,1
DA:4,1
DA:5,0
DA:6,0
DA:7,0
DA:9,0
DA:15,1
DA:16,0
DA:17,0
DA:18,0
DA:20,0
DA:26,1
DA:27,1
DA:28,1
DA:29,1
DA:31,0
DA:35,1
DA:36,0
DA:37,0
DA:38,0
DA:41,0
DA:45,1
DA:46,0
DA:47,0
DA:48,0
DA:50,0
LF:26
LH:9
BRF:0
BRH:0
end_of_record
TN:
SF:src/controllers/task.controller.ts
FN:4,newTask
FN:13,getTaskById
FN:22,getTask
FN:31,deletedTask
FN:41,updateTask
FNF:5
FNH:1
FNDA:0,newTask
FNDA:0,getTaskById
FNDA:1,getTask
FNDA:0,deletedTask
FNDA:0,updateTask
DA:2,1
DA:4,1
DA:5,0
DA:6,0
DA:7,0
DA:9,0
DA:13,1
DA:14,0
DA:15,0
DA:16,0
DA:18,0
DA:22,1
DA:23,1
DA:24,1
DA:25,1
DA:27,0
DA:31,1
DA:32,0
DA:33,0
DA:34,0
DA:37,0
DA:41,1
DA:42,0
DA:43,0
DA:44,0
DA:46,0
LF:26
LH:9
BRF:0
BRH:0
end_of_record
TN:
SF:src/controllers/users.controller.ts
FN:11,getById
FN:13,(anonymous_9)
FN:16,(anonymous_10)
FN:21,getAll
FN:23,(anonymous_13)
FN:26,(anonymous_14)
FN:31,updateById
FN:33,(anonymous_17)
FN:40,(anonymous_18)
FN:45,deleteById
FN:47,(anonymous_21)
FN:50,(anonymous_22)
FN:57,register
FN:59,(anonymous_25)
FN:66,(anonymous_26)
FN:71,login
FN:73,(anonymous_29)
FN:88,(anonymous_30)
FN:93,logout
FN:99,checkPass
FN:101,(anonymous_34)
FN:112,(anonymous_35)
FN:117,jwtData
FN:125,addToChannel
FN:135,removeFromChannel
FN:137,(anonymous_41)
FN:144,(anonymous_42)
FNF:27
FNH:2
FNDA:0,getById
FNDA:0,(anonymous_9)
FNDA:0,(anonymous_10)
FNDA:1,getAll
FNDA:1,(anonymous_13)
FNDA:0,(anonymous_14)
FNDA:0,updateById
FNDA:0,(anonymous_17)
FNDA:0,(anonymous_18)
FNDA:0,deleteById
FNDA:0,(anonymous_21)
FNDA:0,(anonymous_22)
FNDA:0,register
FNDA:0,(anonymous_25)
FNDA:0,(anonymous_26)
FNDA:0,login
FNDA:0,(anonymous_29)
FNDA:0,(anonymous_30)
FNDA:0,logout
FNDA:0,checkPass
FNDA:0,(anonymous_34)
FNDA:0,(anonymous_35)
FNDA:0,jwtData
FNDA:0,addToChannel
FNDA:0,removeFromChannel
FNDA:0,(anonymous_41)
FNDA:0,(anonymous_42)
DA:2,1
DA:9,1
DA:12,0
DA:14,0
DA:17,0
DA:22,1
DA:24,1
DA:27,0
DA:32,0
DA:34,0
DA:35,0
DA:37,0
DA:41,0
DA:46,0
DA:48,0
DA:51,0
DA:58,0
DA:60,0
DA:61,0
DA:63,0
DA:67,0
DA:72,0
DA:74,0
DA:75,0
DA:85,0
DA:89,0
DA:94,0
DA:100,0
DA:102,0
DA:103,0
DA:107,0
DA:113,0
DA:118,0
DA:119,0
DA:120,0
DA:126,0
DA:128,0
DA:129,0
DA:131,0
DA:136,0
DA:138,0
DA:139,0
DA:141,0
DA:145,0
DA:150,1
DA:151,1
DA:152,1
DA:153,1
DA:154,1
LF:49
LH:9
BRDA:34,0,0,0
BRDA:34,0,1,0
BRDA:60,1,0,0
BRDA:60,1,1,0
BRDA:74,2,0,0
BRDA:74,2,1,0
BRDA:102,3,0,0
BRDA:102,3,1,0
BRDA:128,4,0,0
BRDA:128,4,1,0
BRDA:138,5,0,0
BRDA:138,5,1,0
BRF:12
BRH:0
end_of_record
TN:
SF:src/database/instance.ts
FNF:0
FNH:0
DA:1,1
DA:3,1
DA:5,1
DA:10,1
LF:4
LH:4
BRF:0
BRH:0
end_of_record
TN:
SF:src/database/models/Channels.ts
FNF:0
FNH:0
DA:1,1
DA:2,1
DA:4,1
DA:23,1
LF:4
LH:4
BRF:0
BRH:0
end_of_record
TN:
SF:src/database/models/Seminary.ts
FNF:0
FNH:0
DA:1,1
DA:2,1
DA:4,1
DA:57,1
LF:4
LH:4
BRF:0
BRH:0
end_of_record
TN:
SF:src/database/models/Task.ts
FNF:0
FNH:0
DA:2,1
DA:3,1
DA:5,1
DA:33,1
LF:4
LH:4
BRF:0
BRH:0
end_of_record
TN:
SF:src/database/models/Users.ts
FNF:0
FNH:0
DA:1,1
DA:2,1
DA:4,1
DA:44,1
LF:4
LH:4
BRF:0
BRH:0
end_of_record
TN:
SF:src/middleware/authJwt.ts
FN:6,authJWT
FN:17,(anonymous_1)
FNF:2
FNH:0
FNDA:0,authJWT
FNDA:0,(anonymous_1)
DA:3,1
DA:4,1
DA:8,0
DA:11,0
DA:12,0
DA:17,0
DA:18,0
DA:19,0
DA:23,0
DA:24,0
DA:30,1
LF:11
LH:3
BRDA:11,0,0,0
BRDA:11,0,1,0
BRDA:18,1,0,0
BRDA:18,1,1,0
BRF:4
BRH:0
end_of_record
TN:
SF:src/routes/channels.route.ts
FNF:0
FNH:0
DA:2,1
DA:3,1
DA:5,1
DA:7,1
DA:9,1
DA:10,1
DA:11,1
DA:12,1
DA:13,1
DA:15,1
LF:10
LH:10
BRF:0
BRH:0
end_of_record
TN:
SF:src/routes/seminary.route.ts
FNF:0
FNH:0
DA:2,1
DA:3,1
DA:5,1
DA:7,1
DA:8,1
DA:9,1
DA:10,1
DA:11,1
DA:14,1
LF:9
LH:9
BRF:0
BRH:0
end_of_record
TN:
SF:src/routes/task.route.ts
FNF:0
FNH:0
DA:2,1
DA:3,1
DA:5,1
DA:7,1
DA:8,1
DA:9,1
DA:10,1
DA:11,1
DA:13,1
LF:9
LH:9
BRF:0
BRH:0
end_of_record
TN:
SF:src/routes/users.route.ts
FNF:0
FNH:0
DA:2,1
DA:10,1
DA:12,1
DA:14,1
DA:16,1
DA:17,1
DA:18,1
DA:19,1
DA:20,1
DA:21,1
DA:22,1
DA:23,1
DA:24,1
DA:25,1
DA:26,1
DA:28,1
LF:16
LH:16
BRF:0
BRH:0
end_of_record
TN:
SF:src/services/channels.service.ts
FN:5,getAllChannels
FN:10,getByIdChannels
FN:19,deleteChannelById
FN:22,(anonymous_14)
FN:23,(anonymous_15)
FN:27,(anonymous_16)
FN:45,createChannels
FN:50,sendMessageChannel
FNF:8
FNH:0
FNDA:0,getAllChannels
FNDA:0,getByIdChannels
FNDA:0,deleteChannelById
FNDA:0,(anonymous_14)
FNDA:0,(anonymous_15)
FNDA:0,(anonymous_16)
FNDA:0,createChannels
FNDA:0,sendMessageChannel
DA:1,1
DA:2,1
DA:3,1
DA:6,0
DA:7,0
DA:11,0
DA:16,0
DA:21,0
DA:22,0
DA:23,0
DA:25,0
DA:26,0
DA:28,0
DA:34,0
DA:39,0
DA:46,0
DA:47,0
DA:51,0
DA:57,0
DA:59,0
DA:63,0
DA:71,1
DA:72,1
DA:73,1
LF:24
LH:6
BRF:0
BRH:0
end_of_record
TN:
SF:src/services/seminaries.service.ts
FN:4,createSeminary
FN:12,getByIdSeminary
FN:24,getAllSeminaries
FN:32,deleteSeminary
FN:46,updateSeminaryById
FNF:5
FNH:1
FNDA:0,createSeminary
FNDA:0,getByIdSeminary
FNDA:1,getAllSeminaries
FNDA:0,deleteSeminary
FNDA:0,updateSeminaryById
DA:2,1
DA:4,1
DA:5,0
DA:6,0
DA:12,1
DA:13,0
DA:18,0
DA:24,1
DA:25,1
DA:26,1
DA:32,1
DA:33,0
DA:34,0
DA:39,0
DA:46,1
DA:47,0
DA:48,0
DA:53,0
LF:18
LH:8
BRF:0
BRH:0
end_of_record
TN:
SF:src/services/task.service.ts
FN:4,createTask
FN:12,getByIdTask
FN:24,getAllTask
FN:32,deleteTask
FN:46,updateTaskById
FNF:5
FNH:1
FNDA:0,createTask
FNDA:0,getByIdTask
FNDA:1,getAllTask
FNDA:0,deleteTask
FNDA:0,updateTaskById
DA:2,1
DA:4,1
DA:5,0
DA:6,0
DA:12,1
DA:13,0
DA:18,0
DA:24,1
DA:25,1
DA:26,1
DA:32,1
DA:33,0
DA:34,0
DA:39,0
DA:46,1
DA:47,0
DA:48,0
DA:53,0
LF:18
LH:8
BRF:0
BRH:0
end_of_record
TN:
SF:src/services/users.service.ts
FN:10,getByIdUsers
FN:22,getAllUsers
FN:30,deleteUser
FN:42,updateUser
FN:102,registerUser
FN:134,loginUser
FN:173,checkPassUser
FN:192,addUserToChannel
FN:224,removeUserFromChannel
FNF:9
FNH:1
FNDA:0,getByIdUsers
FNDA:1,getAllUsers
FNDA:0,deleteUser
FNDA:0,updateUser
FNDA:0,registerUser
FNDA:0,loginUser
FNDA:0,checkPassUser
FNDA:0,addUserToChannel
FNDA:0,removeUserFromChannel
DA:3,1
DA:4,1
DA:6,1
DA:7,1
DA:11,0
DA:16,0
DA:23,1
DA:24,1
DA:31,0
DA:36,0
DA:43,0
DA:44,0
DA:46,0
DA:47,0
DA:52,0
DA:53,0
DA:57,0
DA:58,0
DA:63,0
DA:64,0
DA:67,0
DA:68,0
DA:74,0
DA:75,0
DA:77,0
DA:80,0
DA:81,0
DA:86,0
DA:90,0
DA:91,0
DA:96,0
DA:103,0
DA:108,0
DA:114,0
DA:115,0
DA:116,0
DA:117,0
DA:121,0
DA:122,0
DA:127,0
DA:135,0
DA:140,0
DA:145,0
DA:146,0
DA:152,0
DA:154,0
DA:155,0
DA:161,0
DA:167,0
DA:174,0
DA:179,0
DA:180,0
DA:181,0
DA:186,0
DA:193,0
DA:199,0
DA:200,0
DA:201,0
DA:205,0
DA:211,0
DA:212,0
DA:214,0
DA:218,0
DA:221,0
DA:225,0
DA:230,0
DA:231,0
DA:232,0
DA:233,0
DA:236,0
DA:237,0
DA:242,0
DA:249,0
DA:256,1
DA:257,1
DA:258,1
DA:259,1
LF:77
LH:10
BRDA:46,0,0,0
BRDA:52,1,0,0
BRDA:52,2,0,0
BRDA:52,2,1,0
BRDA:57,3,0,0
BRDA:63,4,0,0
BRDA:63,5,0,0
BRDA:63,5,1,0
BRDA:67,6,0,0
BRDA:74,7,0,0
BRDA:74,7,1,0
BRDA:80,8,0,0
BRDA:80,8,1,0
BRDA:80,9,0,0
BRDA:80,9,1,0
BRDA:90,10,0,0
BRDA:114,11,0,0
BRDA:114,11,1,0
BRDA:114,12,0,0
BRDA:114,12,1,0
BRDA:121,13,0,0
BRDA:121,13,1,0
BRDA:145,14,0,0
BRDA:145,15,0,0
BRDA:145,15,1,0
BRDA:152,16,0,0
BRDA:152,16,1,0
BRDA:154,17,0,0
BRDA:156,18,0,0
BRDA:156,18,1,0
BRDA:180,19,0,0
BRDA:180,20,0,0
BRDA:180,20,1,0
BRDA:200,21,0,0
BRDA:211,22,0,0
BRDA:211,22,1,0
BRDA:232,23,0,0
BRDA:236,24,0,0
BRF:38
BRH:0
end_of_record
