TN:
SF:src/server.ts
FN:28,(anonymous_1)
FNF:1
FNH:0
FNDA:0,(anonymous_1)
DA:1,1
DA:2,1
DA:3,1
DA:4,1
DA:5,1
DA:6,1
DA:7,1
DA:9,1
DA:11,1
DA:12,1
DA:14,1
DA:15,1
DA:19,1
DA:21,1
DA:22,1
DA:23,1
DA:24,1
DA:27,1
DA:28,0
DA:29,0
DA:33,1
LF:21
LH:19
BRDA:27,0,0,0
BRF:1
BRH:0
end_of_record
TN:
SF:src/controllers/channels.controller.ts
FN:5,getAll
FN:10,getById
FN:20,create
FN:36,sendMessage
FN:45,deleteChannel
FN:47,(anonymous_17)
FN:52,(anonymous_18)
FNF:7
FNH:7
FNDA:1,getAll
FNDA:2,getById
FNDA:2,create
FNDA:2,sendMessage
FNDA:2,deleteChannel
FNDA:1,(anonymous_17)
FNDA:1,(anonymous_18)
DA:2,2
DA:3,2
DA:6,1
DA:7,1
DA:11,2
DA:13,2
DA:14,1
DA:16,1
DA:22,2
DA:23,2
DA:24,5
DA:25,5
DA:26,2
DA:27,2
DA:32,0
DA:33,0
DA:37,2
DA:38,1
DA:39,1
DA:41,1
DA:46,2
DA:48,1
DA:49,1
DA:53,1
DA:59,2
DA:60,2
LF:26
LH:24
BRDA:13,0,0,1
BRDA:13,0,1,1
BRDA:24,1,0,5
BRDA:25,2,0,2
BRDA:25,3,0,5
BRDA:25,3,1,4
BRDA:37,4,0,1
BRDA:37,4,1,1
BRDA:37,5,0,2
BRDA:37,5,1,1
BRDA:48,6,0,1
BRF:11
BRH:11
end_of_record
TN:
SF:src/controllers/seminaries.controller.ts
FN:4,newSeminary
FN:15,getSeminaryId
FN:26,Allget
FN:35,deleteSeminaries
FN:45,patchSeminary
FNF:5
FNH:1
FNDA:0,newSeminary
FNDA:0,getSeminaryId
FNDA:1,Allget
FNDA:0,deleteSeminaries
FNDA:0,patchSeminary
DA:2,1
DA:4,1
DA:5,0
DA:6,0
DA:7,0
DA:9,0
DA:15,1
DA:16,0
DA:17,0
DA:18,0
DA:20,0
DA:26,1
DA:27,1
DA:28,1
DA:29,1
DA:31,0
DA:35,1
DA:36,0
DA:37,0
DA:38,0
DA:41,0
DA:45,1
DA:46,0
DA:47,0
DA:48,0
DA:50,0
LF:26
LH:9
BRF:0
BRH:0
end_of_record
TN:
SF:src/controllers/task.controller.ts
FN:4,newTask
FN:13,getTaskById
FN:22,getTask
FN:31,deletedTask
FN:41,updateTask
FNF:5
FNH:5
FNDA:2,newTask
FNDA:2,getTaskById
FNDA:3,getTask
FNDA:2,deletedTask
FNDA:2,updateTask
DA:2,2
DA:4,2
DA:5,2
DA:6,2
DA:7,1
DA:9,1
DA:13,2
DA:14,2
DA:15,2
DA:16,1
DA:18,1
DA:22,2
DA:23,3
DA:24,3
DA:25,2
DA:27,1
DA:31,2
DA:32,2
DA:33,2
DA:34,1
DA:37,1
DA:41,2
DA:42,2
DA:43,2
DA:44,1
DA:46,1
LF:26
LH:26
BRF:0
BRH:0
end_of_record
TN:
SF:src/controllers/users.controller.ts
FN:11,getById
FN:13,(anonymous_9)
FN:16,(anonymous_10)
FN:21,getAll
FN:23,(anonymous_13)
FN:26,(anonymous_14)
FN:31,updateById
FN:33,(anonymous_17)
FN:40,(anonymous_18)
FN:45,deleteById
FN:47,(anonymous_21)
FN:50,(anonymous_22)
FN:57,register
FN:59,(anonymous_25)
FN:66,(anonymous_26)
FN:71,login
FN:73,(anonymous_29)
FN:88,(anonymous_30)
FN:93,logout
FN:99,checkPass
FN:101,(anonymous_34)
FN:112,(anonymous_35)
FN:117,jwtData
FN:125,addToChannel
FN:135,removeFromChannel
FN:137,(anonymous_41)
FN:144,(anonymous_42)
FNF:27
FNH:17
FNDA:2,getById
FNDA:1,(anonymous_9)
FNDA:1,(anonymous_10)
FNDA:3,getAll
FNDA:2,(anonymous_13)
FNDA:1,(anonymous_14)
FNDA:0,updateById
FNDA:0,(anonymous_17)
FNDA:0,(anonymous_18)
FNDA:0,deleteById
FNDA:0,(anonymous_21)
FNDA:0,(anonymous_22)
FNDA:3,register
FNDA:2,(anonymous_25)
FNDA:1,(anonymous_26)
FNDA:3,login
FNDA:2,(anonymous_29)
FNDA:1,(anonymous_30)
FNDA:1,logout
FNDA:0,checkPass
FNDA:0,(anonymous_34)
FNDA:0,(anonymous_35)
FNDA:1,jwtData
FNDA:1,addToChannel
FNDA:1,removeFromChannel
FNDA:1,(anonymous_41)
FNDA:0,(anonymous_42)
DA:2,2
DA:9,2
DA:12,2
DA:14,1
DA:17,1
DA:22,3
DA:24,2
DA:27,1
DA:32,0
DA:34,0
DA:35,0
DA:37,0
DA:41,0
DA:46,0
DA:48,0
DA:51,0
DA:58,3
DA:60,2
DA:61,1
DA:63,1
DA:67,1
DA:72,3
DA:74,2
DA:75,1
DA:85,1
DA:89,1
DA:94,1
DA:100,0
DA:102,0
DA:103,0
DA:107,0
DA:113,0
DA:118,1
DA:119,1
DA:120,1
DA:126,1
DA:128,1
DA:129,0
DA:131,1
DA:136,1
DA:138,1
DA:139,1
DA:141,0
DA:145,0
DA:150,2
DA:151,2
DA:152,2
DA:153,2
DA:154,2
LF:49
LH:33
BRDA:34,0,0,0
BRDA:34,0,1,0
BRDA:60,1,0,1
BRDA:60,1,1,1
BRDA:74,2,0,1
BRDA:74,2,1,1
BRDA:102,3,0,0
BRDA:102,3,1,0
BRDA:128,4,0,0
BRDA:128,4,1,1
BRDA:138,5,0,1
BRDA:138,5,1,0
BRF:12
BRH:6
end_of_record
TN:
SF:src/database/instance.ts
FNF:0
FNH:0
DA:1,2
DA:3,2
DA:5,2
DA:10,2
LF:4
LH:4
BRF:0
BRH:0
end_of_record
TN:
SF:src/database/models/Channels.ts
FNF:0
FNH:0
DA:1,2
DA:2,2
DA:4,2
DA:23,2
LF:4
LH:4
BRF:0
BRH:0
end_of_record
TN:
SF:src/database/models/Seminary.ts
FNF:0
FNH:0
DA:1,1
DA:2,1
DA:4,1
DA:57,1
LF:4
LH:4
BRF:0
BRH:0
end_of_record
TN:
SF:src/database/models/Task.ts
FNF:0
FNH:0
DA:2,1
DA:3,1
DA:5,1
DA:33,1
LF:4
LH:4
BRF:0
BRH:0
end_of_record
TN:
SF:src/database/models/Users.ts
FNF:0
FNH:0
DA:1,1
DA:2,1
DA:4,1
DA:44,1
LF:4
LH:4
BRF:0
BRH:0
end_of_record
TN:
SF:src/middleware/authJwt.ts
FN:6,authJWT
FN:17,(anonymous_1)
FNF:2
FNH:0
FNDA:0,authJWT
FNDA:0,(anonymous_1)
DA:3,1
DA:4,1
DA:8,0
DA:11,0
DA:12,0
DA:17,0
DA:18,0
DA:19,0
DA:23,0
DA:24,0
DA:30,1
LF:11
LH:3
BRDA:11,0,0,0
BRDA:11,0,1,0
BRDA:18,1,0,0
BRDA:18,1,1,0
BRF:4
BRH:0
end_of_record
TN:
SF:src/routes/channels.route.ts
FNF:0
FNH:0
DA:2,1
DA:3,1
DA:5,1
DA:7,1
DA:9,1
DA:10,1
DA:11,1
DA:12,1
DA:13,1
DA:15,1
LF:10
LH:10
BRF:0
BRH:0
end_of_record
TN:
SF:src/routes/seminary.route.ts
FNF:0
FNH:0
DA:2,1
DA:3,1
DA:5,1
DA:7,1
DA:8,1
DA:9,1
DA:10,1
DA:11,1
DA:14,1
LF:9
LH:9
BRF:0
BRH:0
end_of_record
TN:
SF:src/routes/task.route.ts
FNF:0
FNH:0
DA:2,1
DA:3,1
DA:5,1
DA:7,1
DA:8,1
DA:9,1
DA:10,1
DA:11,1
DA:13,1
LF:9
LH:9
BRF:0
BRH:0
end_of_record
TN:
SF:src/routes/users.route.ts
FNF:0
FNH:0
DA:2,1
DA:10,1
DA:12,1
DA:14,1
DA:16,1
DA:17,1
DA:18,1
DA:19,1
DA:20,1
DA:21,1
DA:22,1
DA:23,1
DA:24,1
DA:25,1
DA:26,1
DA:28,1
LF:16
LH:16
BRF:0
BRH:0
end_of_record
TN:
SF:src/services/channels.service.ts
FN:5,getAllChannels
FN:10,getByIdChannels
FN:19,deleteChannelById
FN:22,(anonymous_14)
FN:23,(anonymous_15)
FN:27,(anonymous_16)
FN:45,createChannels
FN:50,sendMessageChannel
FNF:8
FNH:6
FNDA:1,getAllChannels
FNDA:2,getByIdChannels
FNDA:1,deleteChannelById
FNDA:1,(anonymous_14)
FNDA:0,(anonymous_15)
FNDA:0,(anonymous_16)
FNDA:1,createChannels
FNDA:1,sendMessageChannel
DA:1,2
DA:2,2
DA:3,2
DA:6,1
DA:7,1
DA:11,2
DA:16,2
DA:21,1
DA:22,1
DA:23,0
DA:25,1
DA:26,2
DA:28,0
DA:34,1
DA:39,1
DA:46,1
DA:47,1
DA:51,1
DA:57,1
DA:59,1
DA:63,1
DA:71,2
DA:72,2
DA:73,2
LF:24
LH:22
BRF:0
BRH:0
end_of_record
TN:
SF:src/services/seminaries.service.ts
FN:4,createSeminary
FN:12,getByIdSeminary
FN:24,getAllSeminaries
FN:32,deleteSeminary
FN:46,updateSeminaryById
FNF:5
FNH:5
FNDA:1,createSeminary
FNDA:2,getByIdSeminary
FNDA:2,getAllSeminaries
FNDA:2,deleteSeminary
FNDA:2,updateSeminaryById
DA:2,2
DA:4,2
DA:5,1
DA:6,1
DA:12,2
DA:13,2
DA:18,2
DA:24,2
DA:25,2
DA:26,2
DA:32,2
DA:33,2
DA:34,2
DA:39,2
DA:46,2
DA:47,2
DA:48,2
DA:53,2
LF:18
LH:18
BRF:0
BRH:0
end_of_record
TN:
SF:src/services/task.service.ts
FN:4,createTask
FN:12,getByIdTask
FN:24,getAllTask
FN:32,deleteTask
FN:46,updateTaskById
FNF:5
FNH:5
FNDA:1,createTask
FNDA:2,getByIdTask
FNDA:2,getAllTask
FNDA:2,deleteTask
FNDA:2,updateTaskById
DA:2,2
DA:4,2
DA:5,1
DA:6,1
DA:12,2
DA:13,2
DA:18,2
DA:24,2
DA:25,2
DA:26,2
DA:32,2
DA:33,2
DA:34,2
DA:39,2
DA:46,2
DA:47,2
DA:48,2
DA:53,2
LF:18
LH:18
BRF:0
BRH:0
end_of_record
TN:
SF:src/services/users.service.ts
FN:10,getByIdUsers
FN:22,getAllUsers
FN:30,deleteUser
FN:42,updateUser
FN:102,registerUser
FN:134,loginUser
FN:173,checkPassUser
FN:192,addUserToChannel
FN:224,removeUserFromChannel
FNF:9
FNH:8
FNDA:2,getByIdUsers
FNDA:2,getAllUsers
FNDA:1,deleteUser
FNDA:2,updateUser
FNDA:3,registerUser
FNDA:2,loginUser
FNDA:0,checkPassUser
FNDA:2,addUserToChannel
FNDA:1,removeUserFromChannel
DA:3,2
DA:4,2
DA:6,2
DA:7,2
DA:11,2
DA:16,2
DA:23,2
DA:24,2
DA:31,1
DA:36,1
DA:43,2
DA:44,2
DA:46,2
DA:47,2
DA:52,2
DA:53,1
DA:57,2
DA:58,2
DA:63,2
DA:64,0
DA:67,2
DA:68,1
DA:74,1
DA:75,0
DA:77,0
DA:80,1
DA:81,0
DA:86,0
DA:90,1
DA:91,0
DA:96,1
DA:103,3
DA:108,3
DA:114,3
DA:115,1
DA:116,1
DA:117,1
DA:121,2
DA:122,1
DA:127,1
DA:135,2
DA:140,2
DA:145,2
DA:146,1
DA:152,1
DA:154,1
DA:155,1
DA:161,1
DA:167,0
DA:174,0
DA:179,0
DA:180,0
DA:181,0
DA:186,0
DA:193,2
DA:199,2
DA:200,1
DA:201,1
DA:205,1
DA:211,1
DA:212,1
DA:214,1
DA:218,0
DA:221,1
DA:225,1
DA:230,1
DA:231,1
DA:232,2
DA:233,1
DA:236,1
DA:237,0
DA:242,1
DA:249,1
DA:256,2
DA:257,2
DA:258,2
DA:259,2
LF:77
LH:63
BRDA:46,0,0,2
BRDA:52,1,0,1
BRDA:52,2,0,2
BRDA:52,2,1,1
BRDA:57,3,0,2
BRDA:63,4,0,0
BRDA:63,5,0,2
BRDA:63,5,1,0
BRDA:67,6,0,1
BRDA:74,7,0,0
BRDA:74,7,1,0
BRDA:80,8,0,0
BRDA:80,8,1,1
BRDA:80,9,0,1
BRDA:80,9,1,1
BRDA:90,10,0,0
BRDA:114,11,0,1
BRDA:114,11,1,2
BRDA:114,12,0,3
BRDA:114,12,1,2
BRDA:121,13,0,1
BRDA:121,13,1,1
BRDA:145,14,0,1
BRDA:145,15,0,2
BRDA:145,15,1,2
BRDA:152,16,0,0
BRDA:152,16,1,1
BRDA:154,17,0,1
BRDA:156,18,0,0
BRDA:156,18,1,1
BRDA:180,19,0,0
BRDA:180,20,0,0
BRDA:180,20,1,0
BRDA:200,21,0,1
BRDA:211,22,0,1
BRDA:211,22,1,0
BRDA:232,23,0,1
BRDA:236,24,0,0
BRF:38
BRH:25
end_of_record
